\BOOKMARK [1][-]{section*.1}{\376\377\144\130\211\201}{}% 1
\BOOKMARK [1][-]{section*.2}{\376\377\000A\000b\000s\000t\000r\000a\000c\000t}{}% 2
\BOOKMARK [1][-]{section.1}{\376\377\176\352\213\272}{}% 3
\BOOKMARK [2][-]{subsection.1.1}{\376\377\213\376\230\230\200\314\146\157}{section.1}% 4
\BOOKMARK [2][-]{subsection.1.2}{\376\377\126\375\121\205\131\026\170\024\172\166\163\260\162\266}{section.1}% 5
\BOOKMARK [2][-]{subsection.1.3}{\376\377\213\376\230\230\170\024\172\166\166\204\141\017\116\111\377\014\121\205\133\271\124\214\166\356\150\007}{section.1}% 6
\BOOKMARK [2][-]{subsection.1.4}{\376\377\213\272\145\207\176\323\147\204}{section.1}% 7
\BOOKMARK [1][-]{section.2}{\376\377\200\314\146\157\142\200\147\057\151\202\217\360}{}% 8
\BOOKMARK [2][-]{subsection.2.1}{\376\377\124\014\153\145\000I\000/\000O\116\016\137\002\153\145\000I\000/\000O}{section.2}% 9
\BOOKMARK [2][-]{subsection.2.2}{\376\377\000L\000i\000n\000u\000x\000\040\000i\000o\000\040\000u\000r\000i\000n\000g}{section.2}% 10
\BOOKMARK [2][-]{subsection.2.3}{\376\377\176\277\172\013\116\016\123\117\172\013}{section.2}% 11
\BOOKMARK [2][-]{subsection.2.4}{\376\377\147\011\150\010\123\117\172\013\116\016\145\340\150\010\123\117\172\013}{section.2}% 12
\BOOKMARK [2][-]{subsection.2.5}{\376\377\000R\000u\000s\000t\213\355\212\000\116\055\166\204\123\117\172\013}{section.2}% 13
\BOOKMARK [2][-]{subsection.2.6}{\376\377\000C\000+\000+\213\355\212\000\116\055\166\204\123\117\172\013}{section.2}% 14
\BOOKMARK [2][-]{subsection.2.7}{\376\377\137\002\153\145\177\026\172\013\150\106\147\266}{section.2}% 15
\BOOKMARK [2][-]{subsection.2.8}{\376\377\147\054\172\340\134\017\176\323}{section.2}% 16
\BOOKMARK [1][-]{section.3}{\376\377\174\373\176\337\213\276\213\241}{}% 17
\BOOKMARK [2][-]{subsection.3.1}{\376\377\122\237\200\375\227\000\154\102}{section.3}% 18
\BOOKMARK [2][-]{subsection.3.2}{\376\377\174\373\176\337\140\073\117\123\213\276\213\241}{section.3}% 19
\BOOKMARK [2][-]{subsection.3.3}{\376\377\122\237\200\375\152\041\127\127\213\276\213\241}{section.3}% 20
\BOOKMARK [2][-]{subsection.3.4}{\376\377\147\054\172\340\134\017\176\323}{section.3}% 21
\BOOKMARK [1][-]{section.4}{\376\377\174\373\176\337\133\236\163\260}{}% 22
\BOOKMARK [2][-]{subsection.4.1}{\376\377\000x\000x\000x\152\041\127\127\133\236\163\260}{section.4}% 23
\BOOKMARK [2][-]{subsection.4.2}{\376\377\000x\000x\000x\152\041\127\127\133\236\163\260}{section.4}% 24
\BOOKMARK [2][-]{subsection.4.3}{\376\377\147\054\172\340\134\017\176\323}{section.4}% 25
\BOOKMARK [1][-]{section.5}{\376\377\140\047\200\375\155\113\213\325\116\016\122\006\147\220}{}% 26
\BOOKMARK [2][-]{subsection.5.1}{\376\377\155\113\213\325\163\257\130\203}{section.5}% 27
\BOOKMARK [2][-]{subsection.5.2}{\376\377\122\237\200\375\155\113\213\325}{section.5}% 28
\BOOKMARK [2][-]{subsection.5.3}{\376\377\140\047\200\375\155\113\213\325}{section.5}% 29
\BOOKMARK [2][-]{subsection.5.4}{\376\377\147\054\172\340\134\017\176\323}{section.5}% 30
\BOOKMARK [1][-]{section.6}{\376\377\140\073\176\323\116\016\134\125\147\033}{}% 31
\BOOKMARK [1][-]{section*.14}{\376\377\201\364\214\042}{}% 32
\BOOKMARK [1][-]{section*.15}{\376\377\123\302\200\003\145\207\163\056}{}% 33
